<?xml version="1.0" encoding="UTF-8"?>
<testng-results ignored="0" total="1" passed="1" failed="0" skipped="0">
  <reporter-output>
  </reporter-output>
  <suite started-at="2023-04-05T21:07:14 IST" name="Default suite" finished-at="2023-04-05T21:09:06 IST" duration-ms="111645">
    <groups>
    </groups>
    <test started-at="2023-04-05T21:07:14 IST" name="Default test" finished-at="2023-04-05T21:09:06 IST" duration-ms="111645">
      <class name="PracticeMake.PrashPractice">
        <test-method is-config="true" signature="openBrowser()[pri:0, instance:PracticeMake.PrashPractice@201a4587]" started-at="2023-04-05T21:07:15 IST" name="openBrowser" finished-at="2023-04-05T21:08:10 IST" duration-ms="55085" status="PASS">
          <reporter-output>
          </reporter-output>
        </test-method> <!-- openBrowser -->
        <test-method signature="selectOptions()[pri:0, instance:PracticeMake.PrashPractice@201a4587]" started-at="2023-04-05T21:08:10 IST" name="selectOptions" finished-at="2023-04-05T21:09:06 IST" duration-ms="55943" status="PASS">
          <reporter-output>
          </reporter-output>
        </test-method> <!-- selectOptions -->
      </class> <!-- PracticeMake.PrashPractice -->
    </test> <!-- Default test -->
  </suite> <!-- Default suite -->
</testng-results>
